{"uuid":"5f9a01ae-89a3-479c-b1bd-81e6ccdb2a17","historyId":"987556c53296c924f76703c067b6e4b2","testCaseId":"846052fb9e57518b7fdf96c9b4fbb730","fullName":"Features/FeeDashboard.feature:171","labels":[{"name":"tag","value":"Modulo-Fee-Dashboard"},{"name":"host","value":"ITLLPTDEV17"},{"name":"thread","value":"16480@ITLLPTDEV17.main(1)"},{"name":"feature","value":"Modulo Fee Dasboard"},{"name":"story","value":"Validar Pagina filtros y sección 1 en Tap 4"},{"name":"suite","value":"Modulo Fee Dasboard"},{"name":"testClass","value":"Validar Pagina filtros y sección 1 en Tap 4"},{"name":"framework","value":"cucumber4jvm"},{"name":"language","value":"java"},{"name":"gherkin_uri","value":"classpath:Features/FeeDashboard.feature"},{"name":"package","value":"Features.FeeDashboard_feature.Modulo Fee Dasboard"}],"links":[],"name":"Validar Pagina filtros y sección 1 en Tap 4","status":"broken","statusDetails":{"known":false,"muted":false,"flaky":false,"message":"no such element: Unable to locate element: {\"method\":\"xpath\",\"selector\":\"//*[@id=\"cdk-drop-list-3\"]/tr[1]/td[2]\"}\n  (Session info: MicrosoftEdge=131.0.2903.51)\nFor documentation on this error, please visit: https://www.selenium.dev/documentation/webdriver/troubleshooting/errors#no-such-element-exception\nBuild info: version: '4.25.0', revision: '8a8aea2337'\nSystem info: os.name: 'Windows 10', os.arch: 'amd64', os.version: '10.0', java.version: '21.0.3'\nDriver info: org.openqa.selenium.edge.EdgeDriver\nCommand: [02522d0946ca4d31d961b50fa93b3509, findElement {using=xpath, value=//*[@id=\"cdk-drop-list-3\"]/tr[1]/td[2]}]\nCapabilities {acceptInsecureCerts: false, browserName: MicrosoftEdge, browserVersion: 131.0.2903.51, fedcm:accounts: true, ms:edgeOptions: {debuggerAddress: localhost:49243}, msedge: {msedgedriverVersion: 131.0.2903.51 (e8c8535333b9..., userDataDir: C:\\Users\\YAQUEL~1.HER\\AppDa...}, networkConnectionEnabled: false, pageLoadStrategy: normal, platformName: windows, proxy: Proxy(), se:cdp: ws://localhost:49243/devtoo..., se:cdpVersion: 131.0.2903.51, setWindowRect: true, strictFileInteractability: false, timeouts: {implicit: 0, pageLoad: 300000, script: 30000}, unhandledPromptBehavior: dismiss and notify, webauthn:extension:credBlob: true, webauthn:extension:largeBlob: true, webauthn:extension:minPinLength: true, webauthn:extension:prf: true, webauthn:virtualAuthenticators: true}\nSession ID: 02522d0946ca4d31d961b50fa93b3509","trace":"org.openqa.selenium.NoSuchElementException: no such element: Unable to locate element: {\"method\":\"xpath\",\"selector\":\"//*[@id=\"cdk-drop-list-3\"]/tr[1]/td[2]\"}\n  (Session info: MicrosoftEdge=131.0.2903.51)\nFor documentation on this error, please visit: https://www.selenium.dev/documentation/webdriver/troubleshooting/errors#no-such-element-exception\nBuild info: version: '4.25.0', revision: '8a8aea2337'\nSystem info: os.name: 'Windows 10', os.arch: 'amd64', os.version: '10.0', java.version: '21.0.3'\nDriver info: org.openqa.selenium.edge.EdgeDriver\nCommand: [02522d0946ca4d31d961b50fa93b3509, findElement {using=xpath, value=//*[@id=\"cdk-drop-list-3\"]/tr[1]/td[2]}]\nCapabilities {acceptInsecureCerts: false, browserName: MicrosoftEdge, browserVersion: 131.0.2903.51, fedcm:accounts: true, ms:edgeOptions: {debuggerAddress: localhost:49243}, msedge: {msedgedriverVersion: 131.0.2903.51 (e8c8535333b9..., userDataDir: C:\\Users\\YAQUEL~1.HER\\AppDa...}, networkConnectionEnabled: false, pageLoadStrategy: normal, platformName: windows, proxy: Proxy(), se:cdp: ws://localhost:49243/devtoo..., se:cdpVersion: 131.0.2903.51, setWindowRect: true, strictFileInteractability: false, timeouts: {implicit: 0, pageLoad: 300000, script: 30000}, unhandledPromptBehavior: dismiss and notify, webauthn:extension:credBlob: true, webauthn:extension:largeBlob: true, webauthn:extension:minPinLength: true, webauthn:extension:prf: true, webauthn:virtualAuthenticators: true}\nSession ID: 02522d0946ca4d31d961b50fa93b3509\r\n\tat java.base/jdk.internal.reflect.DirectConstructorHandleAccessor.newInstance(DirectConstructorHandleAccessor.java:62)\r\n\tat java.base/java.lang.reflect.Constructor.newInstanceWithCaller(Constructor.java:502)\r\n\tat java.base/java.lang.reflect.Constructor.newInstance(Constructor.java:486)\r\n\tat org.openqa.selenium.remote.ErrorCodec.decode(ErrorCodec.java:167)\r\n\tat org.openqa.selenium.remote.codec.w3c.W3CHttpResponseCodec.decode(W3CHttpResponseCodec.java:138)\r\n\tat org.openqa.selenium.remote.codec.w3c.W3CHttpResponseCodec.decode(W3CHttpResponseCodec.java:50)\r\n\tat org.openqa.selenium.remote.HttpCommandExecutor.execute(HttpCommandExecutor.java:190)\r\n\tat org.openqa.selenium.remote.service.DriverCommandExecutor.invokeExecute(DriverCommandExecutor.java:216)\r\n\tat org.openqa.selenium.remote.service.DriverCommandExecutor.execute(DriverCommandExecutor.java:174)\r\n\tat org.openqa.selenium.remote.RemoteWebDriver.execute(RemoteWebDriver.java:545)\r\n\tat org.openqa.selenium.remote.ElementLocation$ElementFinder$2.findElement(ElementLocation.java:165)\r\n\tat org.openqa.selenium.remote.ElementLocation.findElement(ElementLocation.java:59)\r\n\tat org.openqa.selenium.remote.RemoteWebDriver.findElement(RemoteWebDriver.java:368)\r\n\tat org.openqa.selenium.remote.RemoteWebDriver.findElement(RemoteWebDriver.java:362)\r\n\tat UserInterface.Seccion1Tap4UI.<init>(Seccion1Tap4UI.java:9)\r\n\tat Task.Seccion1Tap4Task.tap1L1VariableCostMastercard(Seccion1Tap4Task.java:9)\r\n\tat StepDefinitions.Seccion1Tap4SD.seccion1(Seccion1Tap4SD.java:15)\r\n\tat ✽.presionamos seccion 1(classpath:Features/FeeDashboard.feature:167)\r\n"},"stage":"finished","steps":[{"name":"Given Ingresamos la url del QA,Si","status":"passed","statusDetails":{"known":false,"muted":false,"flaky":false},"stage":"finished","steps":[],"attachments":[],"parameters":[],"start":1731962115500,"stop":1731962118422},{"name":"And Ingresamos credenciales yaquelin.herrera@intelica.com,Frozen1$","status":"passed","statusDetails":{"known":false,"muted":false,"flaky":false},"stage":"finished","steps":[],"attachments":[],"parameters":[],"start":1731962118422,"stop":1731962123495},{"name":"Then Seleccionamos Generate Token","status":"passed","statusDetails":{"known":false,"muted":false,"flaky":false},"stage":"finished","steps":[],"attachments":[],"parameters":[],"start":1731962123495,"stop":1731962143600},{"name":"And buscamos menu","status":"passed","statusDetails":{"known":false,"muted":false,"flaky":false},"stage":"finished","steps":[],"attachments":[],"parameters":[],"start":1731962143600,"stop":1731962148866},{"name":"And buscamos M&V facturas,Fee Dashboard","status":"passed","statusDetails":{"known":false,"muted":false,"flaky":false},"stage":"finished","steps":[],"attachments":[],"parameters":[],"start":1731962148866,"stop":1731962164388},{"name":"And seleccionamos ENG","status":"passed","statusDetails":{"known":false,"muted":false,"flaky":false},"stage":"finished","steps":[],"attachments":[],"parameters":[],"start":1731962164388,"stop":1731962179200},{"name":"And cambiamos Mexico - Santander","status":"passed","statusDetails":{"known":false,"muted":false,"flaky":false},"stage":"finished","steps":[],"attachments":[],"parameters":[],"start":1731962179200,"stop":1731962217733},{"name":"Then clickeamos Tap 4 Unit Costs","status":"passed","statusDetails":{"known":false,"muted":false,"flaky":false},"stage":"finished","steps":[],"attachments":[],"parameters":[],"start":1731962217733,"stop":1731962253134},{"name":"And elegimos filtros","status":"passed","statusDetails":{"known":false,"muted":false,"flaky":false},"stage":"finished","steps":[],"attachments":[],"parameters":[],"start":1731962253134,"stop":1731962335251},{"name":"And presionamos seccion 1","status":"broken","statusDetails":{"known":false,"muted":false,"flaky":false,"message":"no such element: Unable to locate element: {\"method\":\"xpath\",\"selector\":\"//*[@id=\"cdk-drop-list-3\"]/tr[1]/td[2]\"}\n  (Session info: MicrosoftEdge=131.0.2903.51)\nFor documentation on this error, please visit: https://www.selenium.dev/documentation/webdriver/troubleshooting/errors#no-such-element-exception\nBuild info: version: '4.25.0', revision: '8a8aea2337'\nSystem info: os.name: 'Windows 10', os.arch: 'amd64', os.version: '10.0', java.version: '21.0.3'\nDriver info: org.openqa.selenium.edge.EdgeDriver\nCommand: [02522d0946ca4d31d961b50fa93b3509, findElement {using=xpath, value=//*[@id=\"cdk-drop-list-3\"]/tr[1]/td[2]}]\nCapabilities {acceptInsecureCerts: false, browserName: MicrosoftEdge, browserVersion: 131.0.2903.51, fedcm:accounts: true, ms:edgeOptions: {debuggerAddress: localhost:49243}, msedge: {msedgedriverVersion: 131.0.2903.51 (e8c8535333b9..., userDataDir: C:\\Users\\YAQUEL~1.HER\\AppDa...}, networkConnectionEnabled: false, pageLoadStrategy: normal, platformName: windows, proxy: Proxy(), se:cdp: ws://localhost:49243/devtoo..., se:cdpVersion: 131.0.2903.51, setWindowRect: true, strictFileInteractability: false, timeouts: {implicit: 0, pageLoad: 300000, script: 30000}, unhandledPromptBehavior: dismiss and notify, webauthn:extension:credBlob: true, webauthn:extension:largeBlob: true, webauthn:extension:minPinLength: true, webauthn:extension:prf: true, webauthn:virtualAuthenticators: true}\nSession ID: 02522d0946ca4d31d961b50fa93b3509","trace":"org.openqa.selenium.NoSuchElementException: no such element: Unable to locate element: {\"method\":\"xpath\",\"selector\":\"//*[@id=\"cdk-drop-list-3\"]/tr[1]/td[2]\"}\n  (Session info: MicrosoftEdge=131.0.2903.51)\nFor documentation on this error, please visit: https://www.selenium.dev/documentation/webdriver/troubleshooting/errors#no-such-element-exception\nBuild info: version: '4.25.0', revision: '8a8aea2337'\nSystem info: os.name: 'Windows 10', os.arch: 'amd64', os.version: '10.0', java.version: '21.0.3'\nDriver info: org.openqa.selenium.edge.EdgeDriver\nCommand: [02522d0946ca4d31d961b50fa93b3509, findElement {using=xpath, value=//*[@id=\"cdk-drop-list-3\"]/tr[1]/td[2]}]\nCapabilities {acceptInsecureCerts: false, browserName: MicrosoftEdge, browserVersion: 131.0.2903.51, fedcm:accounts: true, ms:edgeOptions: {debuggerAddress: localhost:49243}, msedge: {msedgedriverVersion: 131.0.2903.51 (e8c8535333b9..., userDataDir: C:\\Users\\YAQUEL~1.HER\\AppDa...}, networkConnectionEnabled: false, pageLoadStrategy: normal, platformName: windows, proxy: Proxy(), se:cdp: ws://localhost:49243/devtoo..., se:cdpVersion: 131.0.2903.51, setWindowRect: true, strictFileInteractability: false, timeouts: {implicit: 0, pageLoad: 300000, script: 30000}, unhandledPromptBehavior: dismiss and notify, webauthn:extension:credBlob: true, webauthn:extension:largeBlob: true, webauthn:extension:minPinLength: true, webauthn:extension:prf: true, webauthn:virtualAuthenticators: true}\nSession ID: 02522d0946ca4d31d961b50fa93b3509\r\n\tat java.base/jdk.internal.reflect.DirectConstructorHandleAccessor.newInstance(DirectConstructorHandleAccessor.java:62)\r\n\tat java.base/java.lang.reflect.Constructor.newInstanceWithCaller(Constructor.java:502)\r\n\tat java.base/java.lang.reflect.Constructor.newInstance(Constructor.java:486)\r\n\tat org.openqa.selenium.remote.ErrorCodec.decode(ErrorCodec.java:167)\r\n\tat org.openqa.selenium.remote.codec.w3c.W3CHttpResponseCodec.decode(W3CHttpResponseCodec.java:138)\r\n\tat org.openqa.selenium.remote.codec.w3c.W3CHttpResponseCodec.decode(W3CHttpResponseCodec.java:50)\r\n\tat org.openqa.selenium.remote.HttpCommandExecutor.execute(HttpCommandExecutor.java:190)\r\n\tat org.openqa.selenium.remote.service.DriverCommandExecutor.invokeExecute(DriverCommandExecutor.java:216)\r\n\tat org.openqa.selenium.remote.service.DriverCommandExecutor.execute(DriverCommandExecutor.java:174)\r\n\tat org.openqa.selenium.remote.RemoteWebDriver.execute(RemoteWebDriver.java:545)\r\n\tat org.openqa.selenium.remote.ElementLocation$ElementFinder$2.findElement(ElementLocation.java:165)\r\n\tat org.openqa.selenium.remote.ElementLocation.findElement(ElementLocation.java:59)\r\n\tat org.openqa.selenium.remote.RemoteWebDriver.findElement(RemoteWebDriver.java:368)\r\n\tat org.openqa.selenium.remote.RemoteWebDriver.findElement(RemoteWebDriver.java:362)\r\n\tat UserInterface.Seccion1Tap4UI.<init>(Seccion1Tap4UI.java:9)\r\n\tat Task.Seccion1Tap4Task.tap1L1VariableCostMastercard(Seccion1Tap4Task.java:9)\r\n\tat StepDefinitions.Seccion1Tap4SD.seccion1(Seccion1Tap4SD.java:15)\r\n\tat ✽.presionamos seccion 1(classpath:Features/FeeDashboard.feature:167)\r\n"},"stage":"finished","steps":[],"attachments":[],"parameters":[],"start":1731962335251,"stop":1731962335286}],"attachments":[],"parameters":[{"name":"idioma","value":"ENG"},{"name":"perfil","value":"Mexico - Santander"}],"start":1731962112339,"stop":1731962336683}